<?xml version="1.0" encoding="UTF-8"?>
<!-- Generated by org.testng.reporters.JUnitReportReporter -->
<testsuite hostname="L-ILB-POKURIR" name="com.test.android.testcases.SearchEverythingElseRecentListingTest" tests="1" failures="0" timestamp="30 Sep 2018 18:00:37 GMT" time="115.375" errors="0">
  <testcase name="searchEverythingElse" time="115.375" classname="com.test.android.testcases.SearchEverythingElseRecentListingTest"/>
</testsuite> <!-- com.test.android.testcases.SearchEverythingElseRecentListingTest -->
